<?xml version="1.0" encoding="UTF-8"?>
<coverage generated="1723474629097" clover="3.2.0">
  <project timestamp="1723474629097" name="All files">
    <metrics statements="8" coveredstatements="6" conditionals="2" coveredconditionals="2" methods="2" coveredmethods="1" elements="12" coveredelements="9" complexity="0" loc="8" ncloc="8" packages="1" files="2" classes="2"/>
    <file name="dummy-test-service.js" path="C:\Users\Lenovo\Desktop\Developer\twitter\src\services\dummy-test-service.js">
      <metrics statements="5" coveredstatements="5" conditionals="2" coveredconditionals="2" methods="1" coveredmethods="1"/>
      <line num="2" count="1" type="stmt"/>
      <line num="3" count="2" type="stmt"/>
      <line num="4" count="2" type="cond" truecount="2" falsecount="0"/>
      <line num="5" count="1" type="stmt"/>
      <line num="8" count="1" type="stmt"/>
    </file>
    <file name="helper-test-service.js" path="C:\Users\Lenovo\Desktop\Developer\twitter\src\services\helper-test-service.js">
      <metrics statements="3" coveredstatements="1" conditionals="0" coveredconditionals="0" methods="1" coveredmethods="0"/>
      <line num="1" count="1" type="stmt"/>
      <line num="2" count="0" type="stmt"/>
      <line num="3" count="0" type="stmt"/>
    </file>
  </project>
</coverage>
